<?xml version="1.0" encoding="UTF-8"?>
<testng-results skipped="0" failed="0" total="1" passed="1">
  <reporter-output>
  </reporter-output>
  <suite name="SmokeSuite" duration-ms="82373" started-at="2017-04-26T11:19:19Z" finished-at="2017-04-26T11:20:41Z">
    <groups>
    </groups>
    <test name="SmokeScripts" duration-ms="82373" started-at="2017-04-26T11:19:19Z" finished-at="2017-04-26T11:20:41Z">
      <class name="common.DriverInitializer">
        <test-method status="PASS" signature="openBrowser(java.lang.String, java.lang.String)[pri:0, instance:common.DriverInitializer@799d4f69]" name="openBrowser" is-config="true" duration-ms="26609" started-at="2017-04-26T16:48:52Z" finished-at="2017-04-26T16:49:19Z">
          <params>
            <param index="0">
              <value>
                <![CDATA[firefox]]>
              </value>
            </param>
            <param index="1">
              <value>
                <![CDATA[http://master.vibeoffice.com/]]>
              </value>
            </param>
          </params>
          <reporter-output>
          </reporter-output>
        </test-method> <!-- openBrowser -->
      </class> <!-- common.DriverInitializer -->
      <class name="common.LoginCredentials">
        <test-method status="PASS" signature="login()[pri:0, instance:common.LoginCredentials@69a10787]" name="login" duration-ms="82334" started-at="2017-04-26T16:49:19Z" finished-at="2017-04-26T16:50:41Z">
          <reporter-output>
          </reporter-output>
        </test-method> <!-- login -->
      </class> <!-- common.LoginCredentials -->
    </test> <!-- SmokeScripts -->
  </suite> <!-- SmokeSuite -->
</testng-results>
